0 info it worked if it ends with ok
1 verbose cli [ 'C:\\Program Files\\nodejs\\\\node.exe',
1 verbose cli   'C:\\Program Files\\nodejs\\node_modules\\npm\\bin\\npm-cli.js',
1 verbose cli   'install' ]
2 info using npm@2.5.1
3 info using node@v0.12.0
4 verbose node symlink C:\Program Files\nodejs\\node.exe
5 verbose install where, deps [ 'K:\\git\\cmpsc488\\botbattleapp\\cmpsc488\\botbattleapp\\initialconfigpage_prototype',
5 verbose install   [ 'body-parser',
5 verbose install     'cookie-parser',
5 verbose install     'express',
5 verbose install     'express-session',
5 verbose install     'sanitizer',
5 verbose install     'socket.io',
5 verbose install     'async',
5 verbose install     'mongodb',
5 verbose install     'bson',
5 verbose install     'assert',
5 verbose install     'util',
5 verbose install     'multer',
5 verbose install     'child_process' ] ]
6 verbose install where, peers [ 'K:\\git\\cmpsc488\\botbattleapp\\cmpsc488\\botbattleapp\\initialconfigpage_prototype',
6 verbose install   [] ]
7 info preinstall HW6@0.0.1
8 warn package.json util@0.10.3 util is also the name of a node core module.
9 warn package.json assert@1.3.0 assert is also the name of a node core module.
10 verbose already installed skipping express-session@^1.9.1 K:\git\cmpsc488\botbattleapp\cmpsc488\botbattleapp\initialconfigpage_prototype
11 verbose already installed skipping sanitizer@^0.1.2 K:\git\cmpsc488\botbattleapp\cmpsc488\botbattleapp\initialconfigpage_prototype
12 verbose already installed skipping socket.io@~1.3.4 K:\git\cmpsc488\botbattleapp\cmpsc488\botbattleapp\initialconfigpage_prototype
13 verbose already installed skipping async@* K:\git\cmpsc488\botbattleapp\cmpsc488\botbattleapp\initialconfigpage_prototype
14 verbose already installed skipping mongodb@1.3.19 K:\git\cmpsc488\botbattleapp\cmpsc488\botbattleapp\initialconfigpage_prototype
15 verbose already installed skipping bson@0.2.4 K:\git\cmpsc488\botbattleapp\cmpsc488\botbattleapp\initialconfigpage_prototype
16 verbose already installed skipping assert@* K:\git\cmpsc488\botbattleapp\cmpsc488\botbattleapp\initialconfigpage_prototype
17 verbose already installed skipping util@* K:\git\cmpsc488\botbattleapp\cmpsc488\botbattleapp\initialconfigpage_prototype
18 verbose already installed skipping multer@~0.1.7 K:\git\cmpsc488\botbattleapp\cmpsc488\botbattleapp\initialconfigpage_prototype
19 silly cache add args [ 'child_process@*', null ]
20 verbose cache add spec child_process@*
21 silly cache add parsed spec { raw: 'child_process@*',
21 silly cache add   scope: null,
21 silly cache add   name: 'child_process',
21 silly cache add   rawSpec: '*',
21 silly cache add   spec: '*',
21 silly cache add   type: 'range' }
22 verbose addNamed child_process@*
23 silly addNamed semver.valid null
24 silly addNamed semver.validRange *
25 silly addNameRange { name: 'child_process', range: '*', hasData: false }
26 silly mapToRegistry name child_process
27 silly mapToRegistry using default registry
28 silly mapToRegistry registry https://registry.npmjs.org/
29 silly mapToRegistry uri https://registry.npmjs.org/child_process
30 verbose addNameRange registry:https://registry.npmjs.org/child_process not in flight; fetching
31 verbose already installed skipping body-parser@^1.9.2 K:\git\cmpsc488\botbattleapp\cmpsc488\botbattleapp\initialconfigpage_prototype
32 verbose already installed skipping cookie-parser@^1.3.3 K:\git\cmpsc488\botbattleapp\cmpsc488\botbattleapp\initialconfigpage_prototype
33 verbose already installed skipping express@^4.10.2 K:\git\cmpsc488\botbattleapp\cmpsc488\botbattleapp\initialconfigpage_prototype
34 verbose request uri https://registry.npmjs.org/child_process
35 verbose request no auth needed
36 info attempt registry request try #1 at 6:37:21 PM
37 verbose request id 5836310319b151c0
38 http request GET https://registry.npmjs.org/child_process
39 http 404 https://registry.npmjs.org/child_process
40 verbose headers { date: 'Fri, 20 Feb 2015 23:37:10 GMT',
40 verbose headers   server: 'CouchDB/1.5.0 (Erlang OTP/R16B03)',
40 verbose headers   'content-type': 'application/json',
40 verbose headers   'cache-control': 'max-age=0',
40 verbose headers   'content-length': '52',
40 verbose headers   'accept-ranges': 'bytes',
40 verbose headers   via: '1.1 varnish',
40 verbose headers   age: '0',
40 verbose headers   'x-served-by': 'cache-atl6229-ATL',
40 verbose headers   'x-cache': 'MISS',
40 verbose headers   'x-cache-hits': '0',
40 verbose headers   'x-timer': 'S1424475430.663337,VS0,VE24',
40 verbose headers   'keep-alive': 'timeout=10, max=50',
40 verbose headers   connection: 'Keep-Alive' }
41 silly get cb [ 404,
41 silly get   { date: 'Fri, 20 Feb 2015 23:37:10 GMT',
41 silly get     server: 'CouchDB/1.5.0 (Erlang OTP/R16B03)',
41 silly get     'content-type': 'application/json',
41 silly get     'cache-control': 'max-age=0',
41 silly get     'content-length': '52',
41 silly get     'accept-ranges': 'bytes',
41 silly get     via: '1.1 varnish',
41 silly get     age: '0',
41 silly get     'x-served-by': 'cache-atl6229-ATL',
41 silly get     'x-cache': 'MISS',
41 silly get     'x-cache-hits': '0',
41 silly get     'x-timer': 'S1424475430.663337,VS0,VE24',
41 silly get     'keep-alive': 'timeout=10, max=50',
41 silly get     connection: 'Keep-Alive' } ]
42 verbose stack Error: 404 Not Found: child_process
42 verbose stack     at CachingRegistryClient.<anonymous> (C:\Program Files\nodejs\node_modules\npm\node_modules\npm-registry-client\lib\request.js:251:14)
42 verbose stack     at Request._callback (C:\Program Files\nodejs\node_modules\npm\node_modules\npm-registry-client\lib\request.js:178:14)
42 verbose stack     at Request.self.callback (C:\Program Files\nodejs\node_modules\npm\node_modules\request\request.js:344:22)
42 verbose stack     at Request.emit (events.js:110:17)
42 verbose stack     at Request.<anonymous> (C:\Program Files\nodejs\node_modules\npm\node_modules\request\request.js:1239:14)
42 verbose stack     at Request.emit (events.js:129:20)
42 verbose stack     at IncomingMessage.<anonymous> (C:\Program Files\nodejs\node_modules\npm\node_modules\request\request.js:1187:12)
42 verbose stack     at IncomingMessage.emit (events.js:129:20)
42 verbose stack     at _stream_readable.js:908:16
42 verbose stack     at process._tickCallback (node.js:355:11)
43 verbose statusCode 404
44 verbose pkgid child_process
45 verbose cwd K:\git\cmpsc488\botbattleapp\cmpsc488\botbattleapp\initialconfigpage_prototype
46 error Windows_NT 6.3.9600
47 error argv "C:\\Program Files\\nodejs\\\\node.exe" "C:\\Program Files\\nodejs\\node_modules\\npm\\bin\\npm-cli.js" "install"
48 error node v0.12.0
49 error npm  v2.5.1
50 error code E404
51 error 404 Not Found: child_process
51 error 404
51 error 404 'child_process' is not in the npm registry.
51 error 404 You should bug the author to publish it (or use the name yourself!)
51 error 404 It was specified as a dependency of 'HW6'
51 error 404
51 error 404 Note that you can also install from a
51 error 404 tarball, folder, http url, or git url.
52 verbose exit [ 1, true ]
